0 - Wed Dec 27 13:55:24 2023 - Server is started
1 - Wed Dec 27 13:55:26 2023 - Incoming client connection
2 - Wed Dec 27 13:55:26 2023 - Sensor data received from peer
3 - Wed Dec 27 13:55:31 2023 - Timeout occurred, closing connection.

4 - Wed Dec 27 13:55:38 2023 - Incoming client connection
5 - Wed Dec 27 13:55:38 2023 - Sensor data received from peer
6 - Wed Dec 27 13:55:38 2023 - Incoming client connection
7 - Wed Dec 27 13:55:38 2023 - Sensor data received from peer
8 - Wed Dec 27 13:55:38 2023 - Incoming client connection
9 - Wed Dec 27 13:55:38 2023 - Sensor data received from peer
10 - Wed Dec 27 13:55:39 2023 - Sensor data received from peer
11 - Wed Dec 27 13:55:39 2023 - Sensor data received from peer
12 - Wed Dec 27 13:55:39 2023 - Sensor data received from peer
13 - Wed Dec 27 13:55:40 2023 - Sensor data received from peer
14 - Wed Dec 27 13:55:40 2023 - Sensor data received from peer
15 - Wed Dec 27 13:55:40 2023 - Sensor data received from peer
16 - Wed Dec 27 13:55:41 2023 - Sensor data received from peer
17 - Wed Dec 27 13:55:41 2023 - Sensor data received from peer
18 - Wed Dec 27 13:55:41 2023 - Sensor data received from peer
19 - Wed Dec 27 13:55:42 2023 - Peer has closed connection
20 - Wed Dec 27 13:55:42 2023 - Peer has closed connection
21 - Wed Dec 27 13:55:42 2023 - Peer has closed connection
22 - Wed Dec 27 13:55:43 2023 - Shutting down of server
